0 info it worked if it ends with ok
1 verbose cli [ '/usr/local/Cellar/node@6/6.14.4/bin/node',
1 verbose cli   '/usr/local/opt/node@6/bin/npm',
1 verbose cli   'run',
1 verbose cli   'build' ]
2 info using npm@3.10.10
3 info using node@v9.8.0
4 verbose run-script [ 'prebuild', 'build', 'postbuild' ]
5 info lifecycle stack-app@0.0.0~prebuild: stack-app@0.0.0
6 silly lifecycle stack-app@0.0.0~prebuild: no script for prebuild, continuing
7 info lifecycle stack-app@0.0.0~build: stack-app@0.0.0
8 verbose lifecycle stack-app@0.0.0~build: unsafe-perm in lifecycle true
9 verbose lifecycle stack-app@0.0.0~build: PATH: /usr/local/Cellar/node@6/6.14.4/lib/node_modules/npm/bin/node-gyp-bin:/Users/sukhamrit/Downloads/stack/stackApp/node_modules/.bin:/usr/local/Cellar/node@6/6.14.4/bin:/usr/local/opt/node@6/bin:/Library/Frameworks/Python.framework/Versions/3.6/bin:/Library/Frameworks/Python.framework/Versions/3.6/bin:/Library/Frameworks/Python.framework/Versions/2.7/bin:/Library/Frameworks/Python.framework/Versions/3.6/bin:/usr/local/bin:/usr/bin:/bin:/usr/sbin:/sbin
10 verbose lifecycle stack-app@0.0.0~build: CWD: /Users/sukhamrit/Downloads/stack/stackApp
11 silly lifecycle stack-app@0.0.0~build: Args: [ '-c', 'ng build && node index.js' ]
12 silly lifecycle stack-app@0.0.0~build: Returned: code: 1  signal: null
13 info lifecycle stack-app@0.0.0~build: Failed to exec build script
14 verbose stack Error: stack-app@0.0.0 build: `ng build && node index.js`
14 verbose stack Exit status 1
14 verbose stack     at EventEmitter.<anonymous> (/usr/local/Cellar/node@6/6.14.4/lib/node_modules/npm/lib/utils/lifecycle.js:255:16)
14 verbose stack     at EventEmitter.emit (events.js:180:13)
14 verbose stack     at ChildProcess.<anonymous> (/usr/local/Cellar/node@6/6.14.4/lib/node_modules/npm/lib/utils/spawn.js:40:14)
14 verbose stack     at ChildProcess.emit (events.js:180:13)
14 verbose stack     at maybeClose (internal/child_process.js:936:16)
14 verbose stack     at Process.ChildProcess._handle.onexit (internal/child_process.js:220:5)
15 verbose pkgid stack-app@0.0.0
16 verbose cwd /Users/sukhamrit/Downloads/stack/stackApp
17 error Darwin 17.4.0
18 error argv "/usr/local/Cellar/node@6/6.14.4/bin/node" "/usr/local/opt/node@6/bin/npm" "run" "build"
19 error node v9.8.0
20 error npm  v3.10.10
21 error code ELIFECYCLE
22 error stack-app@0.0.0 build: `ng build && node index.js`
22 error Exit status 1
23 error Failed at the stack-app@0.0.0 build script 'ng build && node index.js'.
23 error Make sure you have the latest version of node.js and npm installed.
23 error If you do, this is most likely a problem with the stack-app package,
23 error not with npm itself.
23 error Tell the author that this fails on your system:
23 error     ng build && node index.js
23 error You can get information on how to open an issue for this project with:
23 error     npm bugs stack-app
23 error Or if that isn't available, you can get their info via:
23 error     npm owner ls stack-app
23 error There is likely additional logging output above.
24 verbose exit [ 1, true ]
